<?xml version="1.0" encoding="UTF-8"?>
<testsuite xmlns:xsi="http://www.w3.org/2001/XMLSchema-instance" xsi:noNamespaceSchemaLocation="https://maven.apache.org/surefire/maven-surefire-plugin/xsd/surefire-test-report.xsd" name="ru.netology.TicketService.service.TicketServiceTest" time="0.151" tests="6" errors="0" skipped="0" failures="0">
  <properties>
[...]
</properties>
  <testcase name="shouldSortAllAddedTickets" classname="ru.netology.TicketService.service.TicketServiceTest" time="0.068"/>
  <testcase name="shouldAddNewTicketAndSort" classname="ru.netology.TicketService.service.TicketServiceTest" time="0.001"/>
  <testcase name="shouldRemoveByIdAnSort" classname="ru.netology.TicketService.service.TicketServiceTest" time="0"/>
  <testcase name="shouldFindOneTicket" classname="ru.netology.TicketService.service.TicketServiceTest" time="0.003"/>
  <testcase name="shouldNotFindOutOfConditionTicket" classname="ru.netology.TicketService.service.TicketServiceTest" time="0.004"/>
  <testcase name="shouldFindAndSortAllEqualTickets" classname="ru.netology.TicketService.service.TicketServiceTest" time="0.006"/>
</testsuite>